["Started server on port : 8080"]
["Data Fusion UDP server listening 0.0.0.0:4001"]
["Data Fusion TCP Server listening on port 4002"]
["TO TCP Server listening on port 8124"]
["Started server on port : 8080"]
["Data Fusion UDP server listening 0.0.0.0:4001"]
["Data Fusion TCP Server listening on port 4002"]
["TO TCP Server listening on port 8124"]
["Client connected"]
["data.message should have required property 'request_id'"]
["client disconnected"]
["Client connected"]
["received a subscription request"]
["client disconnected"]
["socket error ","Error: This socket has been ended by the other party"]
["socket error ","Error: This socket has been ended by the other party"]
["socket error ","Error: This socket has been ended by the other party"]
["socket error ","Error: This socket has been ended by the other party"]
["socket error ","Error: This socket has been ended by the other party"]
["socket error ","Error: This socket has been ended by the other party"]
["socket error ","Error: This socket has been ended by the other party"]
["socket error ","Error: This socket has been ended by the other party"]
["socket error ","Error: This socket has been ended by the other party"]
["socket error ","Error: This socket has been ended by the other party"]
["socket error ","Error: This socket has been ended by the other party"]
["socket error ","Error: This socket has been ended by the other party"]
["socket error ","Error: This socket has been ended by the other party"]
["socket error ","Error: This socket has been ended by the other party"]
["socket error ","Error: This socket has been ended by the other party"]
["socket error ","Error: This socket has been ended by the other party"]
["socket error ","Error: This socket has been ended by the other party"]
["socket error ","Error: This socket has been ended by the other party"]
["socket error ","Error: This socket has been ended by the other party"]
["socket error ","Error: This socket has been ended by the other party"]
["socket error ","Error: This socket has been ended by the other party"]
["socket error ","Error: This socket has been ended by the other party"]
["socket error ","Error: This socket has been ended by the other party"]
["socket error ","Error: This socket has been ended by the other party"]
["socket error ","Error: This socket has been ended by the other party"]
["socket error ","Error: This socket has been ended by the other party"]
["socket error ","Error: This socket has been ended by the other party"]
["socket error ","Error: This socket has been ended by the other party"]
["socket error ","Error: This socket has been ended by the other party"]
["socket error ","Error: This socket has been ended by the other party"]
["socket error ","Error: This socket has been ended by the other party"]
["socket error ","Error: This socket has been ended by the other party"]
